生成启动时间为 2016/9/20 16:17:40。
     1>项目“E:\Graduated_Course\Experiment_HPC\hw_1\RotateBlend.vcxproj”在节点 2 上(Build 个目标)。
     1>ClCompile:
         C:\Program Files (x86)\Microsoft Visual Studio 12.0\VC\bin\CL.exe /c /Zi /nologo /W3 /WX- /Od /Ob2 /Oy- /D WIN32 /D NDEBUG /D _WINDOWS /D _VC80_UPGRADE=0x0600 /GF /Gm /EHsc /MT /GS /Gy /fp:precise /Zc:wchar_t /Zc:forScope /Fo".\Release\\" /Fd".\Release\vc120.pdb" /Gd /TP /analyze- /errorReport:prompt  /G7 /QxW   /G7 /QxW app.cpp bitmap.cpp dd.cpp RotateBlend.cpp StdAfx.cpp
     1>cl : 命令行 warning D9002: 忽略未知选项“/G7”
     1>cl : 命令行 warning D9002: 忽略未知选项“/QxW”
     1>cl : 命令行 warning D9002: 忽略未知选项“/G7”
     1>cl : 命令行 warning D9002: 忽略未知选项“/QxW”
         StdAfx.cpp
         RotateBlend.cpp
         dd.cpp
         bitmap.cpp
     1>bitmap.cpp(13): warning C4996: 'strcat': This function or variable may be unsafe. Consider using strcat_s instead. To disable deprecation, use _CRT_SECURE_NO_WARNINGS. See online help for details.
                 C:\Program Files (x86)\Microsoft Visual Studio 12.0\VC\include\string.h(118) : 参见“strcat”的声明
         app.cpp
         正在生成代码...
       Link:
         C:\Program Files (x86)\Microsoft Visual Studio 12.0\VC\bin\link.exe /ERRORREPORT:PROMPT /OUT:".\Release\RotateBlend.exe" /INCREMENTAL:NO /NOLOGO winmm.lib ddraw.lib odbc32.lib odbccp32.lib kernel32.lib user32.lib gdi32.lib winspool.lib comdlg32.lib advapi32.lib shell32.lib ole32.lib oleaut32.lib uuid.lib odbc32.lib odbccp32.lib /MANIFEST /MANIFESTUAC:"level='asInvoker' uiAccess='false'" /manifest:embed /DEBUG /PDB:".\Release\RotateBlend.pdb" /SUBSYSTEM:WINDOWS /TLBID:1 /DYNAMICBASE /NXCOMPAT /IMPLIB:".\Release\RotateBlend.lib" /MACHINE:X86 /SAFESEH  /FIXED:NO .\Release\RotateBlend.res
         .\Release\app.obj
         .\Release\bitmap.obj
         .\Release\dd.obj
         .\Release\RotateBlend.obj
         .\Release\StdAfx.obj
         RotateBlend.vcxproj -> E:\Graduated_Course\Experiment_HPC\hw_1\.\Release\RotateBlend.exe
     1>已完成生成项目“E:\Graduated_Course\Experiment_HPC\hw_1\RotateBlend.vcxproj”(Build 个目标)的操作。

生成成功。

已用时间 00:00:01.44
